<?xml version="1.0" encoding="UTF-8"?>
<!-- Generated by org.testng.reporters.JUnitXMLReporter -->
<testsuite hostname="DESKTOP-KJ6UEMM" ignored="0" name="Default test" tests="3" failures="0" timestamp="16 Dec 2018 01:01:59 GMT" time="0.077" errors="0">
  <testcase name="test1" time="0.018" classname="TestCase.Page1_TestCase"/>
  <testcase name="test2" time="0.003" classname="TestCase.Page1_TestCase"/>
  <testcase name="test3" time="0.006" classname="TestCase.Page1_TestCase"/>
</testsuite> <!-- Default test -->
