<?xml version="1.0" encoding="UTF-8"?>
<testng-results skipped="0" failed="0" ignored="0" total="3" passed="3">
  <reporter-output>
  </reporter-output>
  <suite name="Default suite" duration-ms="77" started-at="2018-12-16T01:01:59Z" finished-at="2018-12-16T01:01:59Z">
    <groups>
    </groups>
    <test name="Default test" duration-ms="77" started-at="2018-12-16T01:01:59Z" finished-at="2018-12-16T01:01:59Z">
      <class name="TestCase.Page1_TestCase">
        <test-method status="PASS" signature="test1()[pri:0, instance:TestCase.Page1_TestCase@5649fd9b]" name="test1" duration-ms="18" started-at="2018-12-16T01:01:59Z" finished-at="2018-12-16T01:01:59Z">
          <reporter-output>
          </reporter-output>
        </test-method> <!-- test1 -->
        <test-method status="PASS" signature="test2()[pri:0, instance:TestCase.Page1_TestCase@5649fd9b]" name="test2" duration-ms="3" started-at="2018-12-16T01:01:59Z" finished-at="2018-12-16T01:01:59Z">
          <reporter-output>
          </reporter-output>
        </test-method> <!-- test2 -->
        <test-method status="PASS" signature="test3()[pri:0, instance:TestCase.Page1_TestCase@5649fd9b]" name="test3" duration-ms="6" started-at="2018-12-16T01:01:59Z" finished-at="2018-12-16T01:01:59Z">
          <reporter-output>
          </reporter-output>
        </test-method> <!-- test3 -->
      </class> <!-- TestCase.Page1_TestCase -->
    </test> <!-- Default test -->
  </suite> <!-- Default suite -->
</testng-results>
