<?xml version="1.0" encoding="UTF-8"?>
<!-- Generated by org.testng.reporters.JUnitXMLReporter -->
<testsuite hostname="DESKTOP-KJ6UEMM" ignored="0" name="Test" tests="3" failures="0" timestamp="16 Dec 2018 01:00:13 GMT" time="0.075" errors="0">
  <testcase name="test1" time="0.013" classname="TestCase.Page1_TestCase"/>
  <testcase name="test2" time="0.002" classname="TestCase.Page1_TestCase"/>
  <testcase name="test3" time="0.007" classname="TestCase.Page1_TestCase"/>
</testsuite> <!-- Test -->
